
ASEM-51 V1.3                                         Copyright (c) 2002 by W.W. Heinz                                         PAGE 1





       MCS-51 Family Macro Assembler   A S E M - 5 1   V 1.3
       =====================================================



	Source File:	D:\mata kuliah UIN SGD\semester 5\Prak.SISMIK\UTS\Ari dan alek\Ari UTS P.sismik\FIKRI\KODING 7 SEGMENT.asm
	Object File:	D:\mata kuliah UIN SGD\semester 5\Prak.SISMIK\UTS\Ari dan alek\Ari UTS P.sismik\FIKRI\KODING 7 SEGMENT.hex
	List File:	D:\mata kuliah UIN SGD\semester 5\Prak.SISMIK\UTS\Ari dan alek\Ari UTS P.sismik\FIKRI\KODING 7 SEGMENT.lst



 Line  I  Addr  Code            Source

    1:		N      0000	org 00h
    2:
    3:	  0000			start:
    4:
    5:	  0000	75 A0 C0	MOV	P2,#11000000B	 ; Isi port 2 dengan data 10110000B (angka0) ACALLTunda	; Panggil subrutinTu
				nda
    6:	  0003	11 34		ACALL delay
    7:	  0005	75 A0 F9	MOV	P2,#11111001B   ; Isi port 2 dengan data 11110011B (angka 1) ACALLTunda	; Panggil subrutinTu
				nda
    8:	  0008	11 34		ACALL delay
    9:	  000A	75 A0 A4	MOV	P2,#10100100B   ; Isi port 2 dengan data 10100100B (angka 2) ACALLTunda	; Panggil subrutinTu
				nda
   10:	  000D	11 34		ACALL delay
   11:	  000F	75 A0 B0	MOV	P2,#10110000B	; Isi port 2 dengan data 10110000B (angka3) ACALLTunda	; Panggil subrutinTu
				nda
   12:	  0012	11 34		ACALL delay
   13:	  0014	75 A0 99	MOV	P2,#10011001B	; Isi port 2 dengan data 10011001B (angka4) ACALLTunda	; Panggil subrutinTu
				nda
   14:	  0017	11 34		ACALL delay
   15:	  0019	75 A0 92	MOV	P2,#10010010B	; Isi port 2 dengan data 10010010B (angka5) ACALLTunda	; Panggil subrutinTu
				nda
   16:	  001C	11 34		ACALL delay
   17:	  001E	75 A0 82	MOV	P2,#10000010B	; Isi port 2 dengan data 10000010B (angka 6) ACALLTunda	; Panggil subrutinTu
				nda
   18:	  0021	11 34		ACALL delay
   19:	  0023	75 A0 F8	MOV	P2,#11111000B	; Isi port 2 dengan data 11111000B (angka7) ACALLTunda	; Panggil subrutintu
				nda
   20:	  0026	11 34		ACALL delay
   21:	  0028	75 A0 80	MOV	P2,#10000000B	; Isi port 2 dengan data 10000000B (angka8) ACALLTunda	; Panggil subrutinTu
				nda
   22:	  002B	11 34		ACALL delay
   23:	  002D	75 A0 90	MOV	P2,#10010000B	; Isi port 2 dengan data 10010000B (angka9) ACALLTunda	; Panggil subrutinTu
				nda
   24:	  0030	11 34		ACALL delay
   25:
   26:	  0032	80 CC		sjmp start
   27:
   28:	  0034	7F 00		delay: mov r7,#00h
   29:	  0036	7E 00		ulang2: mov r6,#00h
   30:	  0038	7D 00		ulang1: mov r5,#00h
   31:	  003A	0D		ulang: inc r5
   32:	  003B	BD 40 FC	cjne r5,#40h,ulang
   33:	  003E	0E		inc r6

ASEM-51 V1.3                                         Copyright (c) 2002 by W.W. Heinz                                         PAGE 2



 Line  I  Addr  Code            Source

   34:	  003F	BE 40 F6	cjne r6,#40h,ulang1
   35:	  0042	0F		inc r7
   36:	  0043	BF 40 F0	cjne r7,#40h,ulang2
   37:	  0046	22		ret
   38:				end





                     register banks used:  ---

                     no errors




ASEM-51 V1.3                                         Copyright (c) 2002 by W.W. Heinz                                         PAGE 3





	       L I S T   O F   S Y M B O L S
	       =============================


SYMBOL				  TYPE     VALUE	LINE
------------------------------------------------------------
??ASEM_51			  NUMBER    8051
??VERSION			  NUMBER    0130
AC				  BIT	      D6
ACC				  DATA	      E0
B				  DATA	      F0
CY				  BIT	      D7
DELAY				  CODE	    0034	  28
DPH				  DATA	      83
DPL				  DATA	      82
EA				  BIT	      AF
ES				  BIT	      AC
ET0				  BIT	      A9
ET1				  BIT	      AB
EX0				  BIT	      A8
EX1				  BIT	      AA
EXTI0				  CODE	    0003
EXTI1				  CODE	    0013
F0				  BIT	      D5
IE				  DATA	      A8
IE0				  BIT	      89
IE1				  BIT	      8B
INT0				  BIT	      B2
INT1				  BIT	      B3
IP				  DATA	      B8
IT0				  BIT	      88
IT1				  BIT	      8A
OV				  BIT	      D2
P				  BIT	      D0
P0				  DATA	      80
P1				  DATA	      90
P2				  DATA	      A0
P3				  DATA	      B0
PCON				  DATA	      87
PS				  BIT	      BC
PSW				  DATA	      D0
PT0				  BIT	      B9
PT1				  BIT	      BB
PX0				  BIT	      B8
PX1				  BIT	      BA
RB8				  BIT	      9A
RD				  BIT	      B7
REN				  BIT	      9C
RESET				  CODE	    0000
RI				  BIT	      98
RS0				  BIT	      D3
RS1				  BIT	      D4
RXD				  BIT	      B0
SBUF				  DATA	      99
SCON				  DATA	      98
SINT				  CODE	    0023

ASEM-51 V1.3                                         Copyright (c) 2002 by W.W. Heinz                                         PAGE 4



SYMBOL				  TYPE     VALUE	LINE
------------------------------------------------------------
SM0				  BIT	      9F
SM1				  BIT	      9E
SM2				  BIT	      9D
SP				  DATA	      81
START				  CODE	    0000	   3
T0				  BIT	      B4
T1				  BIT	      B5
TB8				  BIT	      9B
TCON				  DATA	      88
TF0				  BIT	      8D
TF1				  BIT	      8F
TH0				  DATA	      8C
TH1				  DATA	      8D
TI				  BIT	      99
TIMER0				  CODE	    000B
TIMER1				  CODE	    001B
TL0				  DATA	      8A
TL1				  DATA	      8B
TMOD				  DATA	      89
TR0				  BIT	      8C
TR1				  BIT	      8E
TXD				  BIT	      B1
ULANG				  CODE	    003A	  31
ULANG1				  CODE	    0038	  30
ULANG2				  CODE	    0036	  29
WR				  BIT	      B6
